<?xml version="1.0" encoding="UTF-8"?>
<robot generator="Robot 3.2.2 (Python 3.8.5 on darwin)" generated="20210209 17:51:31.722" rpa="false">
<suite id="s1" name="Login" source="/Users/pedroc.f.santos/Downloads/Development/rfw/parodify/login.robot">
<test id="s1-t1" name="Login com Sucesso">
<status status="FAIL" starttime="20210209 17:51:32.081" endtime="20210209 17:51:32.082" critical="yes">Test case contains no keywords.</status>
</test>
<doc>Testes da Página de Login</doc>
<status status="FAIL" starttime="20210209 17:51:31.728" endtime="20210209 17:51:32.083"></status>
</suite>
<statistics>
<total>
<stat pass="0" fail="1">Critical Tests</stat>
<stat pass="0" fail="1">All Tests</stat>
</total>
<tag>
</tag>
<suite>
<stat pass="0" fail="1" id="s1" name="Login">Login</stat>
</suite>
</statistics>
<errors>
</errors>
</robot>
