<?xml version="1.0" encoding="UTF-8"?>
<robot generator="Robot 3.2.2 (Python 3.8.5 on darwin)" generated="20210209 22:18:19.222" rpa="false">
<suite id="s1" name="Login" source="/Users/pedroc.f.santos/Downloads/Development/rfw/parodify/login.robot">
<test id="s1-t1" name="Login com Sucesso">
<kw name="New Page" library="Browser">
<tags>
<tag>BrowserControl</tag>
<tag>Setter</tag>
</tags>
<doc>Open a new Page. A Page is the Playwright equivalent to a tab.
See `Browser, Context and Page` for more information about Page concept.
Returns a stable identifier for the created page.</doc>
<arguments>
<arg>https://parodify.herokuapp.com/users/sign_in</arg>
</arguments>
<msg timestamp="20210209 22:18:26.879" level="INFO">Successfully initialized new page object and opened url: https://parodify.herokuapp.com/users/sign_in</msg>
<status status="PASS" starttime="20210209 22:18:20.891" endtime="20210209 22:18:26.879"></status>
</kw>
<kw name="Get Text" library="Browser">
<tags>
<tag>Assertion</tag>
<tag>Getter</tag>
<tag>PageContent</tag>
</tags>
<doc>Returns text attribute of the element found by ``selector``.
See the `Finding elements` section for details about the selectors.</doc>
<arguments>
<arg>label[for=user_email]</arg>
<arg>contains</arg>
<arg>Email</arg>
</arguments>
<status status="PASS" starttime="20210209 22:18:26.879" endtime="20210209 22:18:26.952"></status>
</kw>
<kw name="Fill Text" library="Browser">
<tags>
<tag>PageContent</tag>
<tag>Setter</tag>
</tags>
<doc>Clears and fills the given ``text`` into the text field found by ``selector``.</doc>
<arguments>
<arg>id=user_email</arg>
<arg>papito@parodify.com</arg>
</arguments>
<msg timestamp="20210209 22:18:26.953" level="INFO">Fills the text 'papito@parodify.com' in the given field.</msg>
<status status="PASS" starttime="20210209 22:18:26.952" endtime="20210209 22:18:27.078"></status>
</kw>
<kw name="Fill Text" library="Browser">
<tags>
<tag>PageContent</tag>
<tag>Setter</tag>
</tags>
<doc>Clears and fills the given ``text`` into the text field found by ``selector``.</doc>
<arguments>
<arg>id=user_password</arg>
<arg>pwd123</arg>
</arguments>
<msg timestamp="20210209 22:18:27.079" level="INFO">Fills the text 'pwd123' in the given field.</msg>
<status status="PASS" starttime="20210209 22:18:27.078" endtime="20210209 22:18:27.284"></status>
</kw>
<kw name="Sleep" library="BuiltIn">
<doc>Pauses the test executed for the given time.</doc>
<arguments>
<arg>10</arg>
</arguments>
<msg timestamp="20210209 22:18:37.285" level="INFO">Slept 10 seconds</msg>
<status status="PASS" starttime="20210209 22:18:27.284" endtime="20210209 22:18:37.285"></status>
</kw>
<status status="PASS" starttime="20210209 22:18:20.885" endtime="20210209 22:18:37.286" critical="yes"></status>
</test>
<doc>Testes da Página de Login</doc>
<status status="PASS" starttime="20210209 22:18:19.224" endtime="20210209 22:18:37.458"></status>
</suite>
<statistics>
<total>
<stat pass="1" fail="0">Critical Tests</stat>
<stat pass="1" fail="0">All Tests</stat>
</total>
<tag>
</tag>
<suite>
<stat pass="1" fail="0" id="s1" name="Login">Login</stat>
</suite>
</statistics>
<errors>
</errors>
</robot>
